This file contains any messages produced by compilers while
running configure, to aid debugging if configure makes a mistake.

It was created by avr-libc configure 2.0.0, which was
generated by GNU Autoconf 2.69.  Invocation command line was

  $ ./configure 

## --------- ##
## Platform. ##
## --------- ##

hostname = DESKTOP-NUJCAE6
uname -m = x86_64
uname -r = 4.4.0-18362-Microsoft
uname -s = Linux
uname -v = #476-Microsoft Fri Nov 01 16:53:00 PST 2019

/usr/bin/uname -p = unknown
/bin/uname -X     = unknown

/bin/arch              = unknown
/usr/bin/arch -k       = unknown
/usr/convex/getsysinfo = unknown
/usr/bin/hostinfo      = unknown
/bin/machine           = unknown
/usr/bin/oslevel       = unknown
/bin/universe          = unknown

PATH: /usr/local/sbin
PATH: /usr/local/bin
PATH: /usr/sbin
PATH: /usr/bin
PATH: /sbin
PATH: /bin
PATH: /usr/games
PATH: /usr/local/games
PATH: /mnt/c/Program Files/WindowsApps/CanonicalGroupLimited.Ubuntu18.04onWindows_1804.2019.522.0_x64__79rhkp1fndgsc
PATH: /mnt/c/Program Files (x86)/Common Files/Oracle/Java/javapath
PATH: /mnt/c/ProgramData/Oracle/Java/javapath
PATH: /mnt/c/Program Files (x86)/Intel/iCLS Client/
PATH: /mnt/c/Program Files/Intel/iCLS Client/
PATH: /mnt/c/Windows/system32
PATH: /mnt/c/Windows
PATH: /mnt/c/Windows/System32/Wbem
PATH: /mnt/c/Windows/System32/WindowsPowerShell/v1.0/
PATH: /mnt/c/Program Files/Intel/WiFi/bin/
PATH: /mnt/c/Program Files/Common Files/Intel/WirelessCommon/
PATH: /mnt/c/Program Files (x86)/NVIDIA Corporation/PhysX/Common
PATH: /mnt/c/Program Files (x86)/Intel/Intel(R) Management Engine Components/DAL
PATH: /mnt/c/Program Files/Intel/Intel(R) Management Engine Components/DAL
PATH: /mnt/c/Program Files (x86)/Intel/Intel(R) Management Engine Components/IPT
PATH: /mnt/c/Program Files/Intel/Intel(R) Management Engine Components/IPT
PATH: /mnt/c/WINDOWS/system32
PATH: /mnt/c/WINDOWS
PATH: /mnt/c/WINDOWS/System32/Wbem
PATH: /mnt/c/WINDOWS/System32/WindowsPowerShell/v1.0/
PATH: /mnt/e/Programs/MGWGCC/bin
PATH: /mnt/c/Program Files/PuTTY/
PATH: /mnt/c/WINDOWS/System32/OpenSSH/
PATH: /mnt/c/Program Files (x86)/sbt/bin
PATH: /mnt/e/Programs/stack
PATH: /mnt/c/Users/erdeszt/AppData/Local/Microsoft/WindowsApps
PATH: /mnt/e/Coq/csdp6.2.0win64/bin
PATH: /mnt/e/Programs/Cmake/bin
PATH: /mnt/c/Users/erdeszt/AppData/Roaming/npm
PATH: /E/Programs/sqlite-tools-win32-x86-3270200
PATH: /mnt/e/Programs/make-3.81-bin/bin
PATH: /mnt/e/Programs/idris/idris
PATH: /mnt/e/Programs/Git/bin
PATH: /mnt/e/Programs
PATH: /mnt/e/Programs/z3-4.8.6-x64-win/bin
PATH: /mnt/e/Programs/coursier
PATH: /mnt/c/Users/erdeszt/AppData/Local/Microsoft/WindowsApps
PATH: /mnt/c/Users/erdeszt/AppData/Local/atom/bin
PATH: /usr/local/sbin
PATH: /usr/local/bin
PATH: /usr/sbin
PATH: /usr/bin
PATH: /sbin
PATH: /bin
PATH: /home/erdeszt/bin
PATH: /mnt/e/Programs/stainless-scalac-standalone-0.5.1-linux
PATH: /usr/local/sbin
PATH: /usr/local/bin
PATH: /usr/sbin
PATH: /usr/bin
PATH: /sbin
PATH: /bin
PATH: /home/erdeszt/bin
PATH: /mnt/e/Programs/stainless-scalac-standalone-0.5.1-linux


## ----------- ##
## Core tests. ##
## ----------- ##

configure:2502: checking build system type
configure:2516: result: x86_64-unknown-linux-gnu
configure:2536: checking host system type
configure:2549: result: x86_64-unknown-linux-gnu
configure:2573: checking if configuring for cross compile
configure:2579: result: no
configure:2581: WARNING: 
configure:2583: WARNING: AVR-LIBC must be built using an avr cross-compiler.
configure:2585: WARNING: Try configuring with:
configure:2587: WARNING: "./configure --build=`./config.guess` --host=avr"
configure:2589: WARNING: 
configure:2591: error: aborting configure

## ---------------- ##
## Cache variables. ##
## ---------------- ##

ac_cv_build=x86_64-unknown-linux-gnu
ac_cv_env_CCASFLAGS_set=
ac_cv_env_CCASFLAGS_value=
ac_cv_env_CCAS_set=
ac_cv_env_CCAS_value=
ac_cv_env_CC_set=
ac_cv_env_CC_value=
ac_cv_env_CFLAGS_set=
ac_cv_env_CFLAGS_value=
ac_cv_env_CPPFLAGS_set=
ac_cv_env_CPPFLAGS_value=
ac_cv_env_LDFLAGS_set=
ac_cv_env_LDFLAGS_value=
ac_cv_env_LIBS_set=
ac_cv_env_LIBS_value=
ac_cv_env_build_alias_set=
ac_cv_env_build_alias_value=
ac_cv_env_host_alias_set=
ac_cv_env_host_alias_value=
ac_cv_env_target_alias_set=
ac_cv_env_target_alias_value=
ac_cv_host=x86_64-unknown-linux-gnu

## ----------------- ##
## Output variables. ##
## ----------------- ##

ACLOCAL=''
AMDEPBACKSLASH=''
AMDEP_FALSE=''
AMDEP_TRUE=''
AMTAR=''
AM_BACKSLASH=''
AM_DEFAULT_V=''
AM_DEFAULT_VERBOSITY=''
AM_V=''
AR=''
AS=''
ASDEBUG=''
AUTOCONF=''
AUTOHEADER=''
AUTOMAKE=''
AVR_LIBC_MAJOR='2'
AVR_LIBC_MINOR='0'
AVR_LIBC_RELDATE='20150208'
AVR_LIBC_REVISION='0'
AVR_LIBC_USER_MANUAL=''
AVR_LIBC_VERSION='2.0.0'
AVR_LIBC_VERSION_NUMERIC='20000'
AWK=''
CC=''
CCAS=''
CCASDEPMODE=''
CCASFLAGS=''
CCDEPMODE=''
CDEBUG=''
CFLAGS=''
CPPFLAGS=''
CYGPATH_W=''
DEFS=''
DEPDIR=''
DOCSDIR=''
DOC_INST_DIR=''
ECHO_C=''
ECHO_N='-n'
ECHO_T=''
EXEEXT=''
FNO_JUMP_TABLES=''
HAS_DELAY_CYCLES=''
HAS_DEV_LIB_FALSE=''
HAS_DEV_LIB_TRUE=''
HAS_GCC_5_1_FALSE=''
HAS_GCC_5_1_TRUE=''
HAS_at43usb320_FALSE=''
HAS_at43usb320_TRUE=''
HAS_at43usb355_FALSE=''
HAS_at43usb355_TRUE=''
HAS_at76c711_FALSE=''
HAS_at76c711_TRUE=''
HAS_at86rf401_FALSE=''
HAS_at86rf401_TRUE=''
HAS_at90c8534_FALSE=''
HAS_at90c8534_TRUE=''
HAS_at90can128_FALSE=''
HAS_at90can128_TRUE=''
HAS_at90can32_FALSE=''
HAS_at90can32_TRUE=''
HAS_at90can64_FALSE=''
HAS_at90can64_TRUE=''
HAS_at90pwm161_FALSE=''
HAS_at90pwm161_TRUE=''
HAS_at90pwm1_FALSE=''
HAS_at90pwm1_TRUE=''
HAS_at90pwm216_FALSE=''
HAS_at90pwm216_TRUE=''
HAS_at90pwm2_FALSE=''
HAS_at90pwm2_TRUE=''
HAS_at90pwm2b_FALSE=''
HAS_at90pwm2b_TRUE=''
HAS_at90pwm316_FALSE=''
HAS_at90pwm316_TRUE=''
HAS_at90pwm3_FALSE=''
HAS_at90pwm3_TRUE=''
HAS_at90pwm3b_FALSE=''
HAS_at90pwm3b_TRUE=''
HAS_at90pwm81_FALSE=''
HAS_at90pwm81_TRUE=''
HAS_at90s1200_FALSE=''
HAS_at90s1200_TRUE=''
HAS_at90s2313_FALSE=''
HAS_at90s2313_TRUE=''
HAS_at90s2323_FALSE=''
HAS_at90s2323_TRUE=''
HAS_at90s2333_FALSE=''
HAS_at90s2333_TRUE=''
HAS_at90s2343_FALSE=''
HAS_at90s2343_TRUE=''
HAS_at90s4414_FALSE=''
HAS_at90s4414_TRUE=''
HAS_at90s4433_FALSE=''
HAS_at90s4433_TRUE=''
HAS_at90s4434_FALSE=''
HAS_at90s4434_TRUE=''
HAS_at90s8515_FALSE=''
HAS_at90s8515_TRUE=''
HAS_at90s8535_FALSE=''
HAS_at90s8535_TRUE=''
HAS_at90scr100_FALSE=''
HAS_at90scr100_TRUE=''
HAS_at90usb1286_FALSE=''
HAS_at90usb1286_TRUE=''
HAS_at90usb1287_FALSE=''
HAS_at90usb1287_TRUE=''
HAS_at90usb162_FALSE=''
HAS_at90usb162_TRUE=''
HAS_at90usb646_FALSE=''
HAS_at90usb646_TRUE=''
HAS_at90usb647_FALSE=''
HAS_at90usb647_TRUE=''
HAS_at90usb82_FALSE=''
HAS_at90usb82_TRUE=''
HAS_at94k_FALSE=''
HAS_at94k_TRUE=''
HAS_ata5272_FALSE=''
HAS_ata5272_TRUE=''
HAS_ata5505_FALSE=''
HAS_ata5505_TRUE=''
HAS_ata5702m322_FALSE=''
HAS_ata5702m322_TRUE=''
HAS_ata5782_FALSE=''
HAS_ata5782_TRUE=''
HAS_ata5790_FALSE=''
HAS_ata5790_TRUE=''
HAS_ata5790n_FALSE=''
HAS_ata5790n_TRUE=''
HAS_ata5795_FALSE=''
HAS_ata5795_TRUE=''
HAS_ata5831_FALSE=''
HAS_ata5831_TRUE=''
HAS_ata6285_FALSE=''
HAS_ata6285_TRUE=''
HAS_ata6286_FALSE=''
HAS_ata6286_TRUE=''
HAS_ata6289_FALSE=''
HAS_ata6289_TRUE=''
HAS_ata6612c_FALSE=''
HAS_ata6612c_TRUE=''
HAS_ata6613c_FALSE=''
HAS_ata6613c_TRUE=''
HAS_ata6614q_FALSE=''
HAS_ata6614q_TRUE=''
HAS_ata6616c_FALSE=''
HAS_ata6616c_TRUE=''
HAS_ata6617c_FALSE=''
HAS_ata6617c_TRUE=''
HAS_ata664251_FALSE=''
HAS_ata664251_TRUE=''
HAS_atmega103_FALSE=''
HAS_atmega103_TRUE=''
HAS_atmega1280_FALSE=''
HAS_atmega1280_TRUE=''
HAS_atmega1281_FALSE=''
HAS_atmega1281_TRUE=''
HAS_atmega1284_FALSE=''
HAS_atmega1284_TRUE=''
HAS_atmega1284p_FALSE=''
HAS_atmega1284p_TRUE=''
HAS_atmega1284rfr2_FALSE=''
HAS_atmega1284rfr2_TRUE=''
HAS_atmega128_FALSE=''
HAS_atmega128_TRUE=''
HAS_atmega128a_FALSE=''
HAS_atmega128a_TRUE=''
HAS_atmega128rfa1_FALSE=''
HAS_atmega128rfa1_TRUE=''
HAS_atmega128rfr2_FALSE=''
HAS_atmega128rfr2_TRUE=''
HAS_atmega161_FALSE=''
HAS_atmega161_TRUE=''
HAS_atmega162_FALSE=''
HAS_atmega162_TRUE=''
HAS_atmega163_FALSE=''
HAS_atmega163_TRUE=''
HAS_atmega164a_FALSE=''
HAS_atmega164a_TRUE=''
HAS_atmega164p_FALSE=''
HAS_atmega164p_TRUE=''
HAS_atmega164pa_FALSE=''
HAS_atmega164pa_TRUE=''
HAS_atmega165_FALSE=''
HAS_atmega165_TRUE=''
HAS_atmega165a_FALSE=''
HAS_atmega165a_TRUE=''
HAS_atmega165p_FALSE=''
HAS_atmega165p_TRUE=''
HAS_atmega165pa_FALSE=''
HAS_atmega165pa_TRUE=''
HAS_atmega168_FALSE=''
HAS_atmega168_TRUE=''
HAS_atmega168a_FALSE=''
HAS_atmega168a_TRUE=''
HAS_atmega168p_FALSE=''
HAS_atmega168p_TRUE=''
HAS_atmega168pa_FALSE=''
HAS_atmega168pa_TRUE=''
HAS_atmega169_FALSE=''
HAS_atmega169_TRUE=''
HAS_atmega169a_FALSE=''
HAS_atmega169a_TRUE=''
HAS_atmega169p_FALSE=''
HAS_atmega169p_TRUE=''
HAS_atmega169pa_FALSE=''
HAS_atmega169pa_TRUE=''
HAS_atmega16_FALSE=''
HAS_atmega16_TRUE=''
HAS_atmega16a_FALSE=''
HAS_atmega16a_TRUE=''
HAS_atmega16hva2_FALSE=''
HAS_atmega16hva2_TRUE=''
HAS_atmega16hva_FALSE=''
HAS_atmega16hva_TRUE=''
HAS_atmega16hvb_FALSE=''
HAS_atmega16hvb_TRUE=''
HAS_atmega16hvbrevb_FALSE=''
HAS_atmega16hvbrevb_TRUE=''
HAS_atmega16m1_FALSE=''
HAS_atmega16m1_TRUE=''
HAS_atmega16u2_FALSE=''
HAS_atmega16u2_TRUE=''
HAS_atmega16u4_FALSE=''
HAS_atmega16u4_TRUE=''
HAS_atmega2560_FALSE=''
HAS_atmega2560_TRUE=''
HAS_atmega2561_FALSE=''
HAS_atmega2561_TRUE=''
HAS_atmega2564rfr2_FALSE=''
HAS_atmega2564rfr2_TRUE=''
HAS_atmega256rfr2_FALSE=''
HAS_atmega256rfr2_TRUE=''
HAS_atmega323_FALSE=''
HAS_atmega323_TRUE=''
HAS_atmega324a_FALSE=''
HAS_atmega324a_TRUE=''
HAS_atmega324p_FALSE=''
HAS_atmega324p_TRUE=''
HAS_atmega324pa_FALSE=''
HAS_atmega324pa_TRUE=''
HAS_atmega3250_FALSE=''
HAS_atmega3250_TRUE=''
HAS_atmega3250a_FALSE=''
HAS_atmega3250a_TRUE=''
HAS_atmega3250p_FALSE=''
HAS_atmega3250p_TRUE=''
HAS_atmega3250pa_FALSE=''
HAS_atmega3250pa_TRUE=''
HAS_atmega325_FALSE=''
HAS_atmega325_TRUE=''
HAS_atmega325a_FALSE=''
HAS_atmega325a_TRUE=''
HAS_atmega325p_FALSE=''
HAS_atmega325p_TRUE=''
HAS_atmega325pa_FALSE=''
HAS_atmega325pa_TRUE=''
HAS_atmega328_FALSE=''
HAS_atmega328_TRUE=''
HAS_atmega328p_FALSE=''
HAS_atmega328p_TRUE=''
HAS_atmega3290_FALSE=''
HAS_atmega3290_TRUE=''
HAS_atmega3290a_FALSE=''
HAS_atmega3290a_TRUE=''
HAS_atmega3290p_FALSE=''
HAS_atmega3290p_TRUE=''
HAS_atmega3290pa_FALSE=''
HAS_atmega3290pa_TRUE=''
HAS_atmega329_FALSE=''
HAS_atmega329_TRUE=''
HAS_atmega329a_FALSE=''
HAS_atmega329a_TRUE=''
HAS_atmega329p_FALSE=''
HAS_atmega329p_TRUE=''
HAS_atmega329pa_FALSE=''
HAS_atmega329pa_TRUE=''
HAS_atmega32_FALSE=''
HAS_atmega32_TRUE=''
HAS_atmega32a_FALSE=''
HAS_atmega32a_TRUE=''
HAS_atmega32c1_FALSE=''
HAS_atmega32c1_TRUE=''
HAS_atmega32hvb_FALSE=''
HAS_atmega32hvb_TRUE=''
HAS_atmega32hvbrevb_FALSE=''
HAS_atmega32hvbrevb_TRUE=''
HAS_atmega32m1_FALSE=''
HAS_atmega32m1_TRUE=''
HAS_atmega32u2_FALSE=''
HAS_atmega32u2_TRUE=''
HAS_atmega32u4_FALSE=''
HAS_atmega32u4_TRUE=''
HAS_atmega32u6_FALSE=''
HAS_atmega32u6_TRUE=''
HAS_atmega406_FALSE=''
HAS_atmega406_TRUE=''
HAS_atmega48_FALSE=''
HAS_atmega48_TRUE=''
HAS_atmega48a_FALSE=''
HAS_atmega48a_TRUE=''
HAS_atmega48p_FALSE=''
HAS_atmega48p_TRUE=''
HAS_atmega48pa_FALSE=''
HAS_atmega48pa_TRUE=''
HAS_atmega48pb_FALSE=''
HAS_atmega48pb_TRUE=''
HAS_atmega640_FALSE=''
HAS_atmega640_TRUE=''
HAS_atmega644_FALSE=''
HAS_atmega644_TRUE=''
HAS_atmega644a_FALSE=''
HAS_atmega644a_TRUE=''
HAS_atmega644p_FALSE=''
HAS_atmega644p_TRUE=''
HAS_atmega644pa_FALSE=''
HAS_atmega644pa_TRUE=''
HAS_atmega644rfr2_FALSE=''
HAS_atmega644rfr2_TRUE=''
HAS_atmega6450_FALSE=''
HAS_atmega6450_TRUE=''
HAS_atmega6450a_FALSE=''
HAS_atmega6450a_TRUE=''
HAS_atmega6450p_FALSE=''
HAS_atmega6450p_TRUE=''
HAS_atmega645_FALSE=''
HAS_atmega645_TRUE=''
HAS_atmega645a_FALSE=''
HAS_atmega645a_TRUE=''
HAS_atmega645p_FALSE=''
HAS_atmega645p_TRUE=''
HAS_atmega6490_FALSE=''
HAS_atmega6490_TRUE=''
HAS_atmega6490a_FALSE=''
HAS_atmega6490a_TRUE=''
HAS_atmega6490p_FALSE=''
HAS_atmega6490p_TRUE=''
HAS_atmega649_FALSE=''
HAS_atmega649_TRUE=''
HAS_atmega649a_FALSE=''
HAS_atmega649a_TRUE=''
HAS_atmega649p_FALSE=''
HAS_atmega649p_TRUE=''
HAS_atmega64_FALSE=''
HAS_atmega64_TRUE=''
HAS_atmega64a_FALSE=''
HAS_atmega64a_TRUE=''
HAS_atmega64c1_FALSE=''
HAS_atmega64c1_TRUE=''
HAS_atmega64hve2_FALSE=''
HAS_atmega64hve2_TRUE=''
HAS_atmega64hve_FALSE=''
HAS_atmega64hve_TRUE=''
HAS_atmega64m1_FALSE=''
HAS_atmega64m1_TRUE=''
HAS_atmega64rfr2_FALSE=''
HAS_atmega64rfr2_TRUE=''
HAS_atmega8515_FALSE=''
HAS_atmega8515_TRUE=''
HAS_atmega8535_FALSE=''
HAS_atmega8535_TRUE=''
HAS_atmega88_FALSE=''
HAS_atmega88_TRUE=''
HAS_atmega88a_FALSE=''
HAS_atmega88a_TRUE=''
HAS_atmega88p_FALSE=''
HAS_atmega88p_TRUE=''
HAS_atmega88pa_FALSE=''
HAS_atmega88pa_TRUE=''
HAS_atmega88pb_FALSE=''
HAS_atmega88pb_TRUE=''
HAS_atmega8_FALSE=''
HAS_atmega8_TRUE=''
HAS_atmega8a_FALSE=''
HAS_atmega8a_TRUE=''
HAS_atmega8hva_FALSE=''
HAS_atmega8hva_TRUE=''
HAS_atmega8u2_FALSE=''
HAS_atmega8u2_TRUE=''
HAS_attiny10_FALSE=''
HAS_attiny10_TRUE=''
HAS_attiny11_FALSE=''
HAS_attiny11_TRUE=''
HAS_attiny12_FALSE=''
HAS_attiny12_TRUE=''
HAS_attiny13_FALSE=''
HAS_attiny13_TRUE=''
HAS_attiny13a_FALSE=''
HAS_attiny13a_TRUE=''
HAS_attiny15_FALSE=''
HAS_attiny15_TRUE=''
HAS_attiny1634_FALSE=''
HAS_attiny1634_TRUE=''
HAS_attiny167_FALSE=''
HAS_attiny167_TRUE=''
HAS_attiny20_FALSE=''
HAS_attiny20_TRUE=''
HAS_attiny22_FALSE=''
HAS_attiny22_TRUE=''
HAS_attiny2313_FALSE=''
HAS_attiny2313_TRUE=''
HAS_attiny2313a_FALSE=''
HAS_attiny2313a_TRUE=''
HAS_attiny24_FALSE=''
HAS_attiny24_TRUE=''
HAS_attiny24a_FALSE=''
HAS_attiny24a_TRUE=''
HAS_attiny25_FALSE=''
HAS_attiny25_TRUE=''
HAS_attiny261_FALSE=''
HAS_attiny261_TRUE=''
HAS_attiny261a_FALSE=''
HAS_attiny261a_TRUE=''
HAS_attiny26_FALSE=''
HAS_attiny26_TRUE=''
HAS_attiny28_FALSE=''
HAS_attiny28_TRUE=''
HAS_attiny40_FALSE=''
HAS_attiny40_TRUE=''
HAS_attiny4313_FALSE=''
HAS_attiny4313_TRUE=''
HAS_attiny43u_FALSE=''
HAS_attiny43u_TRUE=''
HAS_attiny441_FALSE=''
HAS_attiny441_TRUE=''
HAS_attiny44_FALSE=''
HAS_attiny44_TRUE=''
HAS_attiny44a_FALSE=''
HAS_attiny44a_TRUE=''
HAS_attiny45_FALSE=''
HAS_attiny45_TRUE=''
HAS_attiny461_FALSE=''
HAS_attiny461_TRUE=''
HAS_attiny461a_FALSE=''
HAS_attiny461a_TRUE=''
HAS_attiny48_FALSE=''
HAS_attiny48_TRUE=''
HAS_attiny4_FALSE=''
HAS_attiny4_TRUE=''
HAS_attiny5_FALSE=''
HAS_attiny5_TRUE=''
HAS_attiny828_FALSE=''
HAS_attiny828_TRUE=''
HAS_attiny841_FALSE=''
HAS_attiny841_TRUE=''
HAS_attiny84_FALSE=''
HAS_attiny84_TRUE=''
HAS_attiny84a_FALSE=''
HAS_attiny84a_TRUE=''
HAS_attiny85_FALSE=''
HAS_attiny85_TRUE=''
HAS_attiny861_FALSE=''
HAS_attiny861_TRUE=''
HAS_attiny861a_FALSE=''
HAS_attiny861a_TRUE=''
HAS_attiny87_FALSE=''
HAS_attiny87_TRUE=''
HAS_attiny88_FALSE=''
HAS_attiny88_TRUE=''
HAS_attiny9_FALSE=''
HAS_attiny9_TRUE=''
HAS_atxmega128a1_FALSE=''
HAS_atxmega128a1_TRUE=''
HAS_atxmega128a1u_FALSE=''
HAS_atxmega128a1u_TRUE=''
HAS_atxmega128a3_FALSE=''
HAS_atxmega128a3_TRUE=''
HAS_atxmega128a3u_FALSE=''
HAS_atxmega128a3u_TRUE=''
HAS_atxmega128a4u_FALSE=''
HAS_atxmega128a4u_TRUE=''
HAS_atxmega128b1_FALSE=''
HAS_atxmega128b1_TRUE=''
HAS_atxmega128b3_FALSE=''
HAS_atxmega128b3_TRUE=''
HAS_atxmega128c3_FALSE=''
HAS_atxmega128c3_TRUE=''
HAS_atxmega128d3_FALSE=''
HAS_atxmega128d3_TRUE=''
HAS_atxmega128d4_FALSE=''
HAS_atxmega128d4_TRUE=''
HAS_atxmega16a4_FALSE=''
HAS_atxmega16a4_TRUE=''
HAS_atxmega16a4u_FALSE=''
HAS_atxmega16a4u_TRUE=''
HAS_atxmega16c4_FALSE=''
HAS_atxmega16c4_TRUE=''
HAS_atxmega16d4_FALSE=''
HAS_atxmega16d4_TRUE=''
HAS_atxmega192a3_FALSE=''
HAS_atxmega192a3_TRUE=''
HAS_atxmega192a3u_FALSE=''
HAS_atxmega192a3u_TRUE=''
HAS_atxmega192c3_FALSE=''
HAS_atxmega192c3_TRUE=''
HAS_atxmega192d3_FALSE=''
HAS_atxmega192d3_TRUE=''
HAS_atxmega256a3_FALSE=''
HAS_atxmega256a3_TRUE=''
HAS_atxmega256a3b_FALSE=''
HAS_atxmega256a3b_TRUE=''
HAS_atxmega256a3bu_FALSE=''
HAS_atxmega256a3bu_TRUE=''
HAS_atxmega256a3u_FALSE=''
HAS_atxmega256a3u_TRUE=''
HAS_atxmega256c3_FALSE=''
HAS_atxmega256c3_TRUE=''
HAS_atxmega256d3_FALSE=''
HAS_atxmega256d3_TRUE=''
HAS_atxmega32a4_FALSE=''
HAS_atxmega32a4_TRUE=''
HAS_atxmega32a4u_FALSE=''
HAS_atxmega32a4u_TRUE=''
HAS_atxmega32c3_FALSE=''
HAS_atxmega32c3_TRUE=''
HAS_atxmega32c4_FALSE=''
HAS_atxmega32c4_TRUE=''
HAS_atxmega32d3_FALSE=''
HAS_atxmega32d3_TRUE=''
HAS_atxmega32d4_FALSE=''
HAS_atxmega32d4_TRUE=''
HAS_atxmega32e5_FALSE=''
HAS_atxmega32e5_TRUE=''
HAS_atxmega384c3_FALSE=''
HAS_atxmega384c3_TRUE=''
HAS_atxmega384d3_FALSE=''
HAS_atxmega384d3_TRUE=''
HAS_atxmega64a1_FALSE=''
HAS_atxmega64a1_TRUE=''
HAS_atxmega64a1u_FALSE=''
HAS_atxmega64a1u_TRUE=''
HAS_atxmega64a3_FALSE=''
HAS_atxmega64a3_TRUE=''
HAS_atxmega64a3u_FALSE=''
HAS_atxmega64a3u_TRUE=''
HAS_atxmega64a4u_FALSE=''
HAS_atxmega64a4u_TRUE=''
HAS_atxmega64b1_FALSE=''
HAS_atxmega64b1_TRUE=''
HAS_atxmega64b3_FALSE=''
HAS_atxmega64b3_TRUE=''
HAS_atxmega64c3_FALSE=''
HAS_atxmega64c3_TRUE=''
HAS_atxmega64d3_FALSE=''
HAS_atxmega64d3_TRUE=''
HAS_atxmega64d4_FALSE=''
HAS_atxmega64d4_TRUE=''
HAS_atxmega8e5_FALSE=''
HAS_atxmega8e5_TRUE=''
HAS_avr1_FALSE=''
HAS_avr1_TRUE=''
HAS_avr25_FALSE=''
HAS_avr25_TRUE=''
HAS_avr2_FALSE=''
HAS_avr2_TRUE=''
HAS_avr31_FALSE=''
HAS_avr31_TRUE=''
HAS_avr35_FALSE=''
HAS_avr35_TRUE=''
HAS_avr3_FALSE=''
HAS_avr3_TRUE=''
HAS_avr4_FALSE=''
HAS_avr4_TRUE=''
HAS_avr51_FALSE=''
HAS_avr51_TRUE=''
HAS_avr5_FALSE=''
HAS_avr5_TRUE=''
HAS_avr6_FALSE=''
HAS_avr6_TRUE=''
HAS_avrtiny_FALSE=''
HAS_avrtiny_TRUE=''
HAS_avrxmega2_FALSE=''
HAS_avrxmega2_TRUE=''
HAS_avrxmega4_FALSE=''
HAS_avrxmega4_TRUE=''
HAS_avrxmega5_FALSE=''
HAS_avrxmega5_TRUE=''
HAS_avrxmega6_FALSE=''
HAS_avrxmega6_TRUE=''
HAS_avrxmega7_FALSE=''
HAS_avrxmega7_TRUE=''
HAS_m3000_FALSE=''
HAS_m3000_TRUE=''
INSTALL_DATA=''
INSTALL_DOX_HTML=''
INSTALL_DOX_MAN=''
INSTALL_DOX_PDF=''
INSTALL_PROGRAM=''
INSTALL_SCRIPT=''
INSTALL_STRIP_PROGRAM=''
LDFLAGS=''
LIBOBJS=''
LIBS=''
LN_S=''
LTLIBOBJS=''
MAKEINFO=''
MKDIR_P=''
OBJEXT=''
PACKAGE=''
PACKAGE_BUGREPORT='avr-libc-dev@nongnu.org'
PACKAGE_NAME='avr-libc'
PACKAGE_STRING='avr-libc 2.0.0'
PACKAGE_TARNAME='avr-libc'
PACKAGE_URL=''
PACKAGE_VERSION='2.0.0'
PATH_SEPARATOR=':'
PNGTOPNM=''
PNMTOPNG=''
RANLIB=''
SET_MAKE=''
SHELL='/bin/bash'
STRIP=''
TARGET_DOX_HTML=''
TARGET_DOX_PDF=''
VERSION=''
ac_ct_CC=''
am__EXEEXT_FALSE=''
am__EXEEXT_TRUE=''
am__fastdepCCAS_FALSE=''
am__fastdepCCAS_TRUE=''
am__fastdepCC_FALSE=''
am__fastdepCC_TRUE=''
am__include=''
am__isrc=''
am__leading_dot=''
am__nodep=''
am__quote=''
am__tar=''
am__untar=''
bindir='${exec_prefix}/bin'
build='x86_64-unknown-linux-gnu'
build_alias='`./config.guess`'
build_cpu='x86_64'
build_os='linux-gnu'
build_vendor='unknown'
datadir='${datarootdir}'
datarootdir='${prefix}/share'
docdir='${datarootdir}/doc/${PACKAGE_TARNAME}'
dvidir='${docdir}'
exec_prefix='NONE'
host='x86_64-unknown-linux-gnu'
host_alias=''
host_cpu='x86_64'
host_os='linux-gnu'
host_vendor='unknown'
htmldir='${docdir}'
includedir='${prefix}/include'
infodir='${datarootdir}/info'
install_sh=''
libdir='${exec_prefix}/lib'
libexecdir='${exec_prefix}/libexec'
localedir='${datarootdir}/locale'
localstatedir='${prefix}/var'
mandir='${datarootdir}/man'
mkdir_p=''
oldincludedir='/usr/include'
pdfdir='${docdir}'
prefix='NONE'
program_transform_name='s,x,x,'
psdir='${docdir}'
sbindir='${exec_prefix}/sbin'
sharedstatedir='${prefix}/com'
sysconfdir='${prefix}/etc'
target_alias=''

## ----------- ##
## confdefs.h. ##
## ----------- ##

/* confdefs.h */
#define PACKAGE_NAME "avr-libc"
#define PACKAGE_TARNAME "avr-libc"
#define PACKAGE_VERSION "2.0.0"
#define PACKAGE_STRING "avr-libc 2.0.0"
#define PACKAGE_BUGREPORT "avr-libc-dev@nongnu.org"
#define PACKAGE_URL ""

configure: exit 1
